[2017/09/26 16:35:08] Err - Get Wechat Push ComponentVerifyTicket Faild. Interface authentication failed, please use the correct method to call. [0]
[2017/09/26 16:35:08] ERR - Get getComponentAccessToken Faild. invalid appsecret, view more at http://t.cn/RAEkdVq hint: [zzw00a0908e575] [40125]
[2017/09/26 16:35:19] Err - Get Wechat Push ComponentVerifyTicket Faild. Interface authentication failed, please use the correct method to call. [0]
[2017/09/26 16:35:19] ERR - Get getComponentAccessToken Faild. invalid appsecret, view more at http://t.cn/RAEkdVq hint: [LOf.9a0919e544] [40125]
[2017/09/26 16:35:57] Err - Get Wechat Push ComponentVerifyTicket Faild. Interface authentication failed, please use the correct method to call. [0]
[2017/09/26 16:35:57] ERR - Get getComponentAccessToken Faild. invalid appsecret, view more at http://t.cn/RAEkdVq hint: [OKy3za0957e578] [40125]
[2017/09/26 16:35:58] Err - Get Wechat Push ComponentVerifyTicket Faild. Interface authentication failed, please use the correct method to call. [0]
[2017/09/26 16:35:58] ERR - Get getComponentAccessToken Faild. invalid appsecret, view more at http://t.cn/RAEkdVq hint: [06rFka0958e606] [40125]
[2017/09/26 16:35:58] Err - Get Wechat Push ComponentVerifyTicket Faild. Interface authentication failed, please use the correct method to call. [0]
[2017/09/26 16:35:58] ERR - Get getComponentAccessToken Faild. invalid appsecret, view more at http://t.cn/RAEkdVq hint: [m.85dA0958e544] [40125]
[2017/09/26 16:36:08] Err - Get Wechat Push ComponentVerifyTicket Faild. Interface authentication failed, please use the correct method to call. [0]
[2017/09/26 16:36:08] ERR - Get getComponentAccessToken Faild. invalid appsecret, view more at http://t.cn/RAEkdVq hint: [l1aUUa0968nfo1] [40125]
[2017/09/26 16:37:06] Err - Get Wechat Push ComponentVerifyTicket Faild. Interface authentication failed, please use the correct method to call. [0]
[2017/09/26 16:37:07] ERR - Get getComponentAccessToken Faild. invalid appsecret, view more at http://t.cn/RAEkdVq hint: [cVPO50027nfo1] [40125]
[2017/09/26 16:38:33] Err - Get Wechat Push ComponentVerifyTicket Faild. Interface authentication failed, please use the correct method to call. [0]
[2017/09/26 16:38:33] ERR - Get getComponentAccessToken Faild. invalid component hint: [kLj3UA0113e606] [61011]
[2017/09/26 16:39:25] Err - Get Wechat Push ComponentVerifyTicket Faild. Interface authentication failed, please use the correct method to call. [0]
[2017/09/26 16:39:25] ERR - Get getComponentAccessToken Faild. invalid component hint: [dBIhba0165e575] [61011]
[2017/09/26 16:39:27] Err - Get Wechat Push ComponentVerifyTicket Faild. Interface authentication failed, please use the correct method to call. [0]
[2017/09/26 16:39:27] ERR - Get getComponentAccessToken Faild. invalid component hint: [Lqro30167e578] [61011]
[2017/09/26 16:39:29] Err - Get Wechat Push ComponentVerifyTicket Faild. Interface authentication failed, please use the correct method to call. [0]
[2017/09/26 16:39:29] ERR - Get getComponentAccessToken Faild. invalid component hint: [T3.Q_0169e578] [61011]
[2017/09/26 16:39:31] Err - Get Wechat Push ComponentVerifyTicket Faild. Interface authentication failed, please use the correct method to call. [0]
[2017/09/26 16:39:31] ERR - Get getComponentAccessToken Faild. invalid component hint: [lzyllA0171e575] [61011]
[2017/09/26 16:41:23] ERR - Get getComponentAccessToken Faild. invalid component hint: [vRhyIa0283nfo1] [61011]
[2017/09/26 16:41:23] Err - Get Wechat Push ComponentVerifyTicket Faild. Interface authentication failed, please use the correct method to call. [0]
[2017/09/26 16:41:33] ERR - Get getComponentAccessToken Faild. invalid component hint: [2oeOYa0293e606] [61011]
[2017/09/26 16:41:33] Err - Get Wechat Push ComponentVerifyTicket Faild. Interface authentication failed, please use the correct method to call. [0]
[2017/09/26 16:41:33] ERR - Get getComponentAccessToken Faild. invalid component hint: [yxKkjA0293e578] [61011]
[2017/09/26 16:41:33] Err - Get Wechat Push ComponentVerifyTicket Faild. Interface authentication failed, please use the correct method to call. [0]
[2017/09/26 16:43:09] ERR - Get getComponentAccessToken Faild. invalid component hint: [n0U0389e514] [61011]
[2017/09/26 16:43:41] ERR - Get getComponentAccessToken Faild. invalid component hint: [y6MRCa0421e578] [61011]
[2017/09/26 16:44:49] Err - Get Wechat Push ComponentVerifyTicket Faild. Interface authentication failed, please use the correct method to call. [0]
[2017/09/26 16:45:32] ERR - Get getComponentAccessToken Faild. invalid component hint: [aAypia0532nfo1] [61011]
[2017/09/26 16:48:07] ERR - Get getComponentAccessToken Faild. invalid component hint: [uVX.qa0687e606] [61011]
[2017/09/26 16:58:14] ERR - Get getComponentAccessToken Faild. invalid component hint: [s_5Ixa0294e578] [61011]
[2017/09/26 16:59:45] ERR - Get getComponentAccessToken Faild. invalid component hint: [nCpCgA0385e578] [61011]
[2017/09/26 16:59:45] Err - Get Wechat Push ComponentVerifyTicket Faild. Interface authentication failed, please use the correct method to call. [0]
[2017/09/26 17:00:34] ERR - Get getComponentAccessToken Faild. invalid component hint: [fK7YPa0434e578] [61011]
[2017/09/26 17:00:34] Err - Get Wechat Push ComponentVerifyTicket Faild. Interface authentication failed, please use the correct method to call. [0]
[2017/09/26 17:00:36] ERR - Get getComponentAccessToken Faild. invalid component hint: [c_IYOA0436e606] [61011]
[2017/09/26 17:00:36] Err - Get Wechat Push ComponentVerifyTicket Faild. Interface authentication failed, please use the correct method to call. [0]
[2017/09/26 17:00:41] Err - Get Wechat Push ComponentVerifyTicket Faild. Interface authentication failed, please use the correct method to call. [0]
[2017/09/26 17:00:41] ERR - Get getComponentAccessToken Faild. invalid component hint: [Dgsm80441nfo1] [61011]
[2017/09/26 17:04:56] ERR - Get getComponentAccessToken Faild. invalid component hint: [b5EyJa0696nfo1] [61011]
[2017/09/26 17:06:05] Err - Get Wechat Push ComponentVerifyTicket Faild. Interface authentication failed, please use the correct method to call. [0]
[2017/09/26 17:06:05] ERR - Get getComponentAccessToken Faild. invalid component hint: [.pmpya0765nfo1] [61011]
[2017/09/26 17:06:07] Err - Get Wechat Push ComponentVerifyTicket Faild. Interface authentication failed, please use the correct method to call. [0]
[2017/09/26 17:06:07] ERR - Get getComponentAccessToken Faild. invalid component hint: [Il1AwA0767e575] [61011]
[2017/09/26 17:06:08] Err - Get Wechat Push ComponentVerifyTicket Faild. Interface authentication failed, please use the correct method to call. [0]
[2017/09/26 17:06:08] ERR - Get getComponentAccessToken Faild. invalid component hint: [tkMFkA0768e606] [61011]
[2017/09/26 17:06:08] Err - Get Wechat Push ComponentVerifyTicket Faild. Interface authentication failed, please use the correct method to call. [0]
[2017/09/26 17:06:09] ERR - Get getComponentAccessToken Faild. invalid component hint: [OEZ0769e578] [61011]
[2017/09/26 17:07:50] Err - Get Wechat Push ComponentVerifyTicket Faild. Interface authentication failed, please use the correct method to call. [0]
[2017/09/26 17:07:50] ERR - Get getComponentAccessToken Faild. invalid component hint: [xnL3Ma0870e544] [61011]
[2017/09/26 17:10:10] Err - Get Wechat Push ComponentVerifyTicket Faild. Interface authentication failed, please use the correct method to call. [0]
[2017/09/26 17:10:10] ERR - Get getComponentAccessToken Faild. invalid component hint: [xppVna0010e578] [61011]
[2017/09/26 17:10:13] Err - Get Wechat Push ComponentVerifyTicket Faild. Interface authentication failed, please use the correct method to call. [0]
[2017/09/26 17:10:13] ERR - Get getComponentAccessToken Faild. invalid component hint: [Juzpla0013e544] [61011]
[2017/09/26 17:57:27] Err - Get Wechat Push ComponentVerifyTicket Faild. Interface authentication failed, please use the correct method to call. [0]
[2017/09/26 17:57:28] ERR - Get getComponentAccessToken Faild. invalid component hint: [3EZ1Sa0847e544] [61011]
[2017/09/26 17:58:28] Err - Get Wechat Push ComponentVerifyTicket Faild. Interface authentication failed, please use the correct method to call. [0]
[2017/09/26 17:58:29] ERR - Get getComponentAccessToken Faild. invalid component hint: [SVQEfa0908e514] [61011]
